Using pre-set license
Built from '2021.1/staging' branch; Version is '2021.1.19f1 (5f5eb8bbdc25) revision 6250168'; Using compiler version '192528614'; Build Type 'Release'
OS: 'Windows 10 Home; OS build 19042.1348; Version 2009; 64bit' Language: 'en' Physical Memory: 8078 MB
BatchMode: 1, IsHumanControllingUs: 0, StartBugReporterOnCrash: 0, Is64bit: 1, IsPro: 0

COMMAND LINE ARGUMENTS:
C:\Program Files\Unity\Hub\Editor\2021.1.19f1\Editor\Unity.exe
-adb2
-batchMode
-noUpm
-name
AssetImportWorker0
-projectPath
C:/Users/mehra/Desktop/GAME2014_A2_Sarabi_Mehrara/GAME2014_A2_Sarabi_Mehrara
-logFile
Logs/AssetImportWorker0.log
-srvPort
63470
Successfully changed project path to: C:/Users/mehra/Desktop/GAME2014_A2_Sarabi_Mehrara/GAME2014_A2_Sarabi_Mehrara
C:/Users/mehra/Desktop/GAME2014_A2_Sarabi_Mehrara/GAME2014_A2_Sarabi_Mehrara
Using Asset Import Pipeline V2.
Refreshing native plugins compatible for Editor in 196.56 ms, found 4 plugins.
Preloading 0 native plugins for Editor in 0.00 ms.
Initialize engine version: 2021.1.19f1 (5f5eb8bbdc25)
[Subsystems] Discovering subsystems at path C:/Program Files/Unity/Hub/Editor/2021.1.19f1/Editor/Data/Resources/UnitySubsystems
[Subsystems] Discovering subsystems at path C:/Users/mehra/Desktop/GAME2014_A2_Sarabi_Mehrara/GAME2014_A2_Sarabi_Mehrara/Assets
GfxDevice: creating device client; threaded=0; jobified=0
Direct3D:
    Version:  Direct3D 11.0 [level 11.1]
    Renderer: Intel(R) UHD Graphics 620 (ID=0x5917)
    Vendor:   Intel
    VRAM:     4039 MB
    Driver:   27.20.100.8682
Initialize mono
Mono path[0] = 'C:/Program Files/Unity/Hub/Editor/2021.1.19f1/Editor/Data/Managed'
Mono path[1] = 'C:/Program Files/Unity/Hub/Editor/2021.1.19f1/Editor/Data/MonoBleedingEdge/lib/mono/unityjit'
Mono config path = 'C:/Program Files/Unity/Hub/Editor/2021.1.19f1/Editor/Data/MonoBleedingEdge/etc'
Using monoOptions --debugger-agent=transport=dt_socket,embedding=1,server=y,suspend=n,address=127.0.0.1:56156
Begin MonoManager ReloadAssembly
Registering precompiled unity dll's ...
Register platform support module: C:/Program Files/Unity/Hub/Editor/2021.1.19f1/Editor/Data/PlaybackEngines/WebGLSupport/UnityEditor.WebGL.Extensions.dll
Register platform support module: C:/Program Files/Unity/Hub/Editor/2021.1.19f1/Editor/Data/PlaybackEngines/WindowsStandaloneSupport/UnityEditor.WindowsStandalone.Extensions.dll
Registered in 0.013032 seconds.
Native extension for WindowsStandalone target not found
Native extension for WebGL target not found
Refreshing native plugins compatible for Editor in 231.31 ms, found 4 plugins.
Preloading 0 native plugins for Editor in 0.00 ms.
Mono: successfully reloaded assembly
- Completed reload, in  8.172 seconds
Domain Reload Profiling:
	ReloadAssembly (8172ms)
		BeginReloadAssembly (280ms)
			ExecutionOrderSort (0ms)
			DisableScriptedObjects (0ms)
			BackupInstance (0ms)
			ReleaseScriptingObjects (0ms)
			CreateAndSetChildDomain (2ms)
		EndReloadAssembly (1311ms)
			LoadAssemblies (277ms)
			RebuildTransferFunctionScriptingTraits (0ms)
			SetupTypeCache (543ms)
			ReleaseScriptCaches (0ms)
			RebuildScriptCaches (58ms)
			SetupLoadedEditorAssemblies (580ms)
				LogAssemblyErrors (0ms)
				InitializePlatformSupportModulesInManaged (10ms)
				SetLoadedEditorAssemblies (0ms)
				RefreshPlugins (231ms)
				BeforeProcessingInitializeOnLoad (4ms)
				ProcessInitializeOnLoadAttributes (240ms)
				ProcessInitializeOnLoadMethodAttributes (93ms)
				AfterProcessingInitializeOnLoad (0ms)
				EditorAssembliesLoaded (1ms)
			ExecutionOrderSort2 (0ms)
			AwakeInstancesAfterBackupRestoration (0ms)
Platform modules already initialized, skipping
Registering precompiled user dll's ...
Registered in 0.036832 seconds.
Begin MonoManager ReloadAssembly
Symbol file LoadedFromMemory doesn't match image C:\Users\mehra\Desktop\GAME2014_A2_Sarabi_Mehrara\GAME2014_A2_Sarabi_Mehrara\Library\PackageCache\com.unity.visualscripting@1.6.1\Editor\VisualScripting.Core\Dependencies\YamlDotNet\Unity.VisualScripting.YamlDotNet.dll
Symbol file LoadedFromMemory doesn't match image C:\Users\mehra\Desktop\GAME2014_A2_Sarabi_Mehrara\GAME2014_A2_Sarabi_Mehrara\Library\PackageCache\com.unity.visualscripting@1.6.1\Editor\VisualScripting.Core\Dependencies\DotNetZip\Unity.VisualScripting.IonicZip.dll
Native extension for WindowsStandalone target not found
Native extension for WebGL target not found
Refreshing native plugins compatible for Editor in 253.21 ms, found 4 plugins.
Preloading 0 native plugins for Editor in 0.00 ms.
Mono: successfully reloaded assembly
- Completed reload, in  4.073 seconds
Domain Reload Profiling:
	ReloadAssembly (4075ms)
		BeginReloadAssembly (505ms)
			ExecutionOrderSort (0ms)
			DisableScriptedObjects (14ms)
			BackupInstance (0ms)
			ReleaseScriptingObjects (0ms)
			CreateAndSetChildDomain (55ms)
		EndReloadAssembly (3398ms)
			LoadAssemblies (428ms)
			RebuildTransferFunctionScriptingTraits (0ms)
			SetupTypeCache (1055ms)
			ReleaseScriptCaches (1ms)
			RebuildScriptCaches (208ms)
			SetupLoadedEditorAssemblies (1459ms)
				LogAssemblyErrors (0ms)
				InitializePlatformSupportModulesInManaged (16ms)
				SetLoadedEditorAssemblies (1ms)
				RefreshPlugins (253ms)
				BeforeProcessingInitializeOnLoad (307ms)
				ProcessInitializeOnLoadAttributes (807ms)
				ProcessInitializeOnLoadMethodAttributes (52ms)
				AfterProcessingInitializeOnLoad (21ms)
				EditorAssembliesLoaded (2ms)
			ExecutionOrderSort2 (0ms)
			AwakeInstancesAfterBackupRestoration (21ms)
Platform modules already initialized, skipping
========================================================================
Worker process is ready to serve import requests
Launched and connected shader compiler UnityShaderCompiler.exe after 0.14 seconds
Refreshing native plugins compatible for Editor in 1.18 ms, found 4 plugins.
Preloading 0 native plugins for Editor in 0.00 ms.
Unloading 3758 Unused Serialized files (Serialized files now loaded: 0)
System memory in use before: 140.0 MB.
System memory in use after: 140.2 MB.

Unloading 43 unused Assets to reduce memory usage. Loaded Objects now: 4195.
Total: 5.497600 ms (FindLiveObjects: 0.426900 ms CreateObjectMapping: 0.421800 ms MarkObjects: 4.564300 ms  DeleteObjects: 0.082600 ms)

AssetImportParameters requested are different than current active one (requested -> active):
  custom:framework-win-MediaFoundation: 216162199b28c13a410421893ffa2e32 -> 
  custom:video-decoder-ogg-theora: a1e56fd34408186e4bbccfd4996cb3dc -> 
  custom:container-muxer-webm: aa71ff27fc2769a1b78a27578f13a17b -> 
  custom:container-demuxer-webm: 4f35f7cbe854078d1ac9338744f61a02 -> 
  custom:container-demuxer-ogg: 62fdf1f143b41e24485cea50d1cbac27 -> 
  custom:video-encoder-webm-vp8: eb34c28f22e8b96e1ab97ce403110664 -> 
  custom:video-decoder-webm-vp8: 9c59270c3fd7afecdb556c50c9e8de78 -> 
  custom:audio-decoder-ogg-vorbis: bf7c407c2cedff20999df2af8eb42d56 -> 
  custom:audio-encoder-webm-vorbis: bf7c407c2cedff20999df2af8eb42d56 -> 
========================================================================
Received Import Request.
  path: Assets/[Scenes]/Start.unity
  artifactKey: Guid(2cda990e2423bbf4892e6590ba056729) Importer(815301076,1909f56bfc062723c751e8b465ee728b)
Start importing Assets/[Scenes]/Start.unity using Guid(2cda990e2423bbf4892e6590ba056729) Importer(815301076,1909f56bfc062723c751e8b465ee728b)  -> (artifact id: '2e036a2dcf9047a3a3ed03d3bf38f796') in 0.072285 seconds 
========================================================================
Received Import Request.
  Time since last request: 0.000385 seconds.
  path: Assets/[Scenes]
  artifactKey: Guid(bbbc74fad6ed1d243aee6102298f428b) Importer(815301076,1909f56bfc062723c751e8b465ee728b)
Start importing Assets/[Scenes] using Guid(bbbc74fad6ed1d243aee6102298f428b) Importer(815301076,1909f56bfc062723c751e8b465ee728b)  -> (artifact id: '6107834bbba231fd6e43a76c14788af6') in 0.055476 seconds 
========================================================================
Received Import Request.
  Time since last request: 157.400503 seconds.
  path: Assets/Assets
  artifactKey: Guid(35334db2458ee9f478dbacfb36dc4d62) Importer(815301076,1909f56bfc062723c751e8b465ee728b)
Start importing Assets/Assets using Guid(35334db2458ee9f478dbacfb36dc4d62) Importer(815301076,1909f56bfc062723c751e8b465ee728b)  -> (artifact id: 'ae6edc1b76f5897a18373118ed2c8b67') in 0.039859 seconds 
========================================================================
Received Import Request.
  Time since last request: 0.000401 seconds.
  path: Assets/Assets/1.png
  artifactKey: Guid(72d3154a668fd6644ac7f1c1c44f71ae) Importer(815301076,1909f56bfc062723c751e8b465ee728b)
Start importing Assets/Assets/1.png using Guid(72d3154a668fd6644ac7f1c1c44f71ae) Importer(815301076,1909f56bfc062723c751e8b465ee728b)  -> (artifact id: '007422de7ff1b6a6ad79b69be6ec47cf') in 0.264030 seconds 
========================================================================
Received Import Request.
  Time since last request: 0.000632 seconds.
  path: Assets/Assets/2.png
  artifactKey: Guid(f0a53a0014d25be4fae333028d9a8933) Importer(815301076,1909f56bfc062723c751e8b465ee728b)
Start importing Assets/Assets/2.png using Guid(f0a53a0014d25be4fae333028d9a8933) Importer(815301076,1909f56bfc062723c751e8b465ee728b)  -> (artifact id: 'e693ab26a935efb407d432a626ba9417') in 0.054516 seconds 
========================================================================
Received Import Request.
  Time since last request: 0.000438 seconds.
  path: Assets/Assets/3.png
  artifactKey: Guid(d44d74d77efd64b478d098a8b45bfe74) Importer(815301076,1909f56bfc062723c751e8b465ee728b)
Start importing Assets/Assets/3.png using Guid(d44d74d77efd64b478d098a8b45bfe74) Importer(815301076,1909f56bfc062723c751e8b465ee728b)  -> (artifact id: '30e4d6ecbe34597212942e97642f5696') in 0.060990 seconds 
========================================================================
Received Import Request.
  Time since last request: 0.000393 seconds.
  path: Assets/Assets/bg1.PNG
  artifactKey: Guid(f1f3fe1e3b6cc7a4bb84e00fc57ad591) Importer(815301076,1909f56bfc062723c751e8b465ee728b)
Start importing Assets/Assets/bg1.PNG using Guid(f1f3fe1e3b6cc7a4bb84e00fc57ad591) Importer(815301076,1909f56bfc062723c751e8b465ee728b)  -> (artifact id: 'c3000e0e2f833879a48542f9e623e2d4') in 0.060844 seconds 
========================================================================
Received Import Request.
  Time since last request: 0.000584 seconds.
  path: Assets/Assets/CGB02-grey_L_btn.png
  artifactKey: Guid(653ae947d1f2d91448e4d200c8638cbe) Importer(815301076,1909f56bfc062723c751e8b465ee728b)
Start importing Assets/Assets/CGB02-grey_L_btn.png using Guid(653ae947d1f2d91448e4d200c8638cbe) Importer(815301076,1909f56bfc062723c751e8b465ee728b)  -> (artifact id: '54900aa7cc9acc7279ac66e9f0f4d929') in 0.055029 seconds 
========================================================================
Received Import Request.
  Time since last request: 0.000524 seconds.
  path: Assets/Assets/illustration2 clone-9.png (4).png
  artifactKey: Guid(3b2732988d8a3f8408e74d39bdfc6a59) Importer(815301076,1909f56bfc062723c751e8b465ee728b)
Start importing Assets/Assets/illustration2 clone-9.png (4).png using Guid(3b2732988d8a3f8408e74d39bdfc6a59) Importer(815301076,1909f56bfc062723c751e8b465ee728b)  -> (artifact id: '8ae89008bb6aefe72d3e2f3ad9620e8c') in 0.085279 seconds 
========================================================================
Received Import Request.
  Time since last request: 0.000338 seconds.
  path: Assets/Assets/3_9.png
  artifactKey: Guid(a9ad704c37594bd4b8ef424d2c4ff32a) Importer(815301076,1909f56bfc062723c751e8b465ee728b)
Start importing Assets/Assets/3_9.png using Guid(a9ad704c37594bd4b8ef424d2c4ff32a) Importer(815301076,1909f56bfc062723c751e8b465ee728b)  -> (artifact id: '439488ead9ff007c3aa0eb4ba033d14d') in 0.069301 seconds 
========================================================================
Received Import Request.
  Time since last request: 0.000363 seconds.
  path: Assets/Assets/4.png
  artifactKey: Guid(3d798174990473541831ab3834db2f49) Importer(815301076,1909f56bfc062723c751e8b465ee728b)
Start importing Assets/Assets/4.png using Guid(3d798174990473541831ab3834db2f49) Importer(815301076,1909f56bfc062723c751e8b465ee728b)  -> (artifact id: 'bab1926cdc74de10c2a93583b11f6cef') in 0.073507 seconds 
========================================================================
Received Import Request.
  Time since last request: 0.000546 seconds.
  path: Assets/Assets/illustration2 clone.png
  artifactKey: Guid(dd70f96748f9bb14a8a61bb8bb8310e1) Importer(815301076,1909f56bfc062723c751e8b465ee728b)
Start importing Assets/Assets/illustration2 clone.png using Guid(dd70f96748f9bb14a8a61bb8bb8310e1) Importer(815301076,1909f56bfc062723c751e8b465ee728b)  -> (artifact id: '395f056faca92abc4208f0cbd0f2f74d') in 0.157628 seconds 
========================================================================
Received Import Request.
  Time since last request: 0.000579 seconds.
  path: Assets/Assets/CGB02-purple_L_btn.png
  artifactKey: Guid(17e689666afb9ea4990f35103a411110) Importer(815301076,1909f56bfc062723c751e8b465ee728b)
Start importing Assets/Assets/CGB02-purple_L_btn.png using Guid(17e689666afb9ea4990f35103a411110) Importer(815301076,1909f56bfc062723c751e8b465ee728b)  -> (artifact id: '5ee7462b224d2d5f5971ddee8f7ba33c') in 0.055794 seconds 
========================================================================
Received Import Request.
  Time since last request: 0.000383 seconds.
  path: Assets/Assets/CGB02-blue_L_btn.png
  artifactKey: Guid(4f245b664f8d91744a495a6ec5400fb9) Importer(815301076,1909f56bfc062723c751e8b465ee728b)
Start importing Assets/Assets/CGB02-blue_L_btn.png using Guid(4f245b664f8d91744a495a6ec5400fb9) Importer(815301076,1909f56bfc062723c751e8b465ee728b)  -> (artifact id: 'c60ee8ec8b484985086ca6204760e5f1') in 0.070405 seconds 
========================================================================
Received Import Request.
  Time since last request: 0.000642 seconds.
  path: Assets/Assets/bg3.PNG
  artifactKey: Guid(f3b3f8eceab107546b789de9d69c2a08) Importer(815301076,1909f56bfc062723c751e8b465ee728b)
Start importing Assets/Assets/bg3.PNG using Guid(f3b3f8eceab107546b789de9d69c2a08) Importer(815301076,1909f56bfc062723c751e8b465ee728b)  -> (artifact id: '617e36fa61a7603ba987fc54d3414953') in 0.109235 seconds 
========================================================================
Received Import Request.
  Time since last request: 0.000445 seconds.
  path: Assets/Assets/CosmicLilac_Tiles.png
  artifactKey: Guid(72985cc30e8cea2469884149b043cb61) Importer(815301076,1909f56bfc062723c751e8b465ee728b)
Start importing Assets/Assets/CosmicLilac_Tiles.png using Guid(72985cc30e8cea2469884149b043cb61) Importer(815301076,1909f56bfc062723c751e8b465ee728b)  -> (artifact id: 'e372a3d789c05e9d18cefc7f3a5d7883') in 0.066556 seconds 
========================================================================
Received Import Request.
  Time since last request: 0.000368 seconds.
  path: Assets/Assets/illustration2.png
  artifactKey: Guid(c5d2a9ed1dc44d74abdbe0d3d510c342) Importer(815301076,1909f56bfc062723c751e8b465ee728b)
Start importing Assets/Assets/illustration2.png using Guid(c5d2a9ed1dc44d74abdbe0d3d510c342) Importer(815301076,1909f56bfc062723c751e8b465ee728b)  -> (artifact id: '2306e4702f70ba811b18f490660e1ba1') in 0.108152 seconds 
========================================================================
Received Import Request.
  Time since last request: 0.000605 seconds.
  path: Assets/Assets/bg2.PNG
  artifactKey: Guid(3870418df39bb0e44ade05f5bed0c0aa) Importer(815301076,1909f56bfc062723c751e8b465ee728b)
Start importing Assets/Assets/bg2.PNG using Guid(3870418df39bb0e44ade05f5bed0c0aa) Importer(815301076,1909f56bfc062723c751e8b465ee728b)  -> (artifact id: '9fbf508768ea76b64f05f20a383eae11') in 0.093399 seconds 
========================================================================
Received Import Request.
  Time since last request: 0.000390 seconds.
  path: Assets/Assets/attack.png
  artifactKey: Guid(c47df8b4637d8fc479e31b5131798252) Importer(815301076,1909f56bfc062723c751e8b465ee728b)
Start importing Assets/Assets/attack.png using Guid(c47df8b4637d8fc479e31b5131798252) Importer(815301076,1909f56bfc062723c751e8b465ee728b)  -> (artifact id: '48448f3fac1eec7f3643867f326b2009') in 0.069634 seconds 
========================================================================
Received Import Request.
  Time since last request: 0.000309 seconds.
  path: Assets/Assets/potions.png
  artifactKey: Guid(f53f40b374bc8b649abf62f58122d00b) Importer(815301076,1909f56bfc062723c751e8b465ee728b)
Start importing Assets/Assets/potions.png using Guid(f53f40b374bc8b649abf62f58122d00b) Importer(815301076,1909f56bfc062723c751e8b465ee728b)  -> (artifact id: 'a07f004e82843a3db2a9ab74c5959512') in 0.450022 seconds 
========================================================================
Received Import Request.
  Time since last request: 0.000281 seconds.
  path: Assets/Assets/rec.png
  artifactKey: Guid(d86e18b70df527b41a8fa03521c193e6) Importer(815301076,1909f56bfc062723c751e8b465ee728b)
Start importing Assets/Assets/rec.png using Guid(d86e18b70df527b41a8fa03521c193e6) Importer(815301076,1909f56bfc062723c751e8b465ee728b)  -> (artifact id: '03d88f58447f950ba5f3afafe5243916') in 0.059499 seconds 
========================================================================
Received Import Request.
  Time since last request: 16.321865 seconds.
  path: Assets/Assets/bg1-1.jpg
  artifactKey: Guid(7cdeb68da174a8f40b77129d4f48eced) Importer(815301076,1909f56bfc062723c751e8b465ee728b)
Start importing Assets/Assets/bg1-1.jpg using Guid(7cdeb68da174a8f40b77129d4f48eced) Importer(815301076,1909f56bfc062723c751e8b465ee728b)  -> (artifact id: '036f6d8aacce279c01307dbbea1b24e6') in 0.054667 seconds 
========================================================================
Received Import Request.
  Time since last request: 55.107304 seconds.
  path: Assets/[Scenes]/Tutorial.unity
  artifactKey: Guid(c899b37257b87124b96a3deb2f92e6ad) Importer(815301076,1909f56bfc062723c751e8b465ee728b)
Start importing Assets/[Scenes]/Tutorial.unity using Guid(c899b37257b87124b96a3deb2f92e6ad) Importer(815301076,1909f56bfc062723c751e8b465ee728b)  -> (artifact id: '86f88e6e6d22feebf95350d0f567ef00') in 0.048100 seconds 
========================================================================
Received Prepare
Registering precompiled user dll's ...
Registered in 0.008504 seconds.
Begin MonoManager ReloadAssembly
Symbol file LoadedFromMemory doesn't match image C:\Users\mehra\Desktop\GAME2014_A2_Sarabi_Mehrara\GAME2014_A2_Sarabi_Mehrara\Library\PackageCache\com.unity.visualscripting@1.6.1\Editor\VisualScripting.Core\Dependencies\YamlDotNet\Unity.VisualScripting.YamlDotNet.dll
Symbol file LoadedFromMemory doesn't match image C:\Users\mehra\Desktop\GAME2014_A2_Sarabi_Mehrara\GAME2014_A2_Sarabi_Mehrara\Library\PackageCache\com.unity.visualscripting@1.6.1\Editor\VisualScripting.Core\Dependencies\DotNetZip\Unity.VisualScripting.IonicZip.dll
Native extension for WindowsStandalone target not found
Native extension for WebGL target not found
Refreshing native plugins compatible for Editor in 1.76 ms, found 4 plugins.
Preloading 0 native plugins for Editor in 0.00 ms.
Mono: successfully reloaded assembly
- Completed reload, in  2.889 seconds
Domain Reload Profiling:
	ReloadAssembly (2889ms)
		BeginReloadAssembly (289ms)
			ExecutionOrderSort (0ms)
			DisableScriptedObjects (8ms)
			BackupInstance (0ms)
			ReleaseScriptingObjects (0ms)
			CreateAndSetChildDomain (70ms)
		EndReloadAssembly (2483ms)
			LoadAssemblies (283ms)
			RebuildTransferFunctionScriptingTraits (0ms)
			SetupTypeCache (1075ms)
			ReleaseScriptCaches (2ms)
			RebuildScriptCaches (111ms)
			SetupLoadedEditorAssemblies (683ms)
				LogAssemblyErrors (0ms)
				InitializePlatformSupportModulesInManaged (14ms)
				SetLoadedEditorAssemblies (1ms)
				RefreshPlugins (2ms)
				BeforeProcessingInitializeOnLoad (161ms)
				ProcessInitializeOnLoadAttributes (483ms)
				ProcessInitializeOnLoadMethodAttributes (12ms)
				AfterProcessingInitializeOnLoad (10ms)
				EditorAssembliesLoaded (0ms)
			ExecutionOrderSort2 (0ms)
			AwakeInstancesAfterBackupRestoration (44ms)
Platform modules already initialized, skipping
Switching build target platform(19) subTarget(0) extendedPlatform(0) -> platform(13) subTarget(524288) extendedPlatform(0)
Refreshing native plugins compatible for Editor in 0.92 ms, found 4 plugins.
Preloading 0 native plugins for Editor in 0.00 ms.
Unloading 3771 Unused Serialized files (Serialized files now loaded: 0)
System memory in use before: 158.7 MB.
System memory in use after: 159.0 MB.

Unloading 31 unused Assets to reduce memory usage. Loaded Objects now: 4523.
Total: 5.339300 ms (FindLiveObjects: 0.721400 ms CreateObjectMapping: 0.376300 ms MarkObjects: 4.204700 ms  DeleteObjects: 0.035400 ms)

AssetImportParameters requested are different than current active one (requested -> active):
  custom:framework-win-MediaFoundation: 216162199b28c13a410421893ffa2e32 -> 
  custom:video-decoder-ogg-theora: a1e56fd34408186e4bbccfd4996cb3dc -> 
  custom:container-muxer-webm: aa71ff27fc2769a1b78a27578f13a17b -> 
  custom:container-demuxer-webm: 4f35f7cbe854078d1ac9338744f61a02 -> 
  custom:container-demuxer-ogg: 62fdf1f143b41e24485cea50d1cbac27 -> 
  custom:video-encoder-webm-vp8: eb34c28f22e8b96e1ab97ce403110664 -> 
  custom:video-decoder-webm-vp8: 9c59270c3fd7afecdb556c50c9e8de78 -> 
  custom:graphics/normal-map-encoding: 01000000000000000000000000000000 -> 02000000000000000000000000000000
  custom:audio-decoder-ogg-vorbis: bf7c407c2cedff20999df2af8eb42d56 -> 
  custom:audio-encoder-webm-vorbis: bf7c407c2cedff20999df2af8eb42d56 -> 
========================================================================
Received Prepare
Refreshing native plugins compatible for Editor in 16.84 ms, found 4 plugins.
Preloading 0 native plugins for Editor in 0.00 ms.
Unloading 29 Unused Serialized files (Serialized files now loaded: 0)
System memory in use before: 83.1 MB.
System memory in use after: 83.4 MB.

Unloading 29 unused Assets to reduce memory usage. Loaded Objects now: 4523.
Total: 5.981900 ms (FindLiveObjects: 0.497700 ms CreateObjectMapping: 0.297700 ms MarkObjects: 5.146500 ms  DeleteObjects: 0.038600 ms)

AssetImportParameters requested are different than current active one (requested -> active):
  custom:framework-win-MediaFoundation: 216162199b28c13a410421893ffa2e32 -> 
  custom:video-decoder-ogg-theora: a1e56fd34408186e4bbccfd4996cb3dc -> 
  custom:container-muxer-webm: aa71ff27fc2769a1b78a27578f13a17b -> 
  custom:container-demuxer-webm: 4f35f7cbe854078d1ac9338744f61a02 -> 
  custom:container-demuxer-ogg: 62fdf1f143b41e24485cea50d1cbac27 -> 
  custom:video-encoder-webm-vp8: eb34c28f22e8b96e1ab97ce403110664 -> 
  custom:video-decoder-webm-vp8: 9c59270c3fd7afecdb556c50c9e8de78 -> 
  custom:audio-decoder-ogg-vorbis: bf7c407c2cedff20999df2af8eb42d56 -> 
  custom:audio-encoder-webm-vorbis: bf7c407c2cedff20999df2af8eb42d56 -> 
========================================================================
Received Import Request.
  Time since last request: 483.627515 seconds.
  path: Assets/Assets/1.png
  artifactKey: Guid(72d3154a668fd6644ac7f1c1c44f71ae) Importer(815301076,1909f56bfc062723c751e8b465ee728b)
Start importing Assets/Assets/1.png using Guid(72d3154a668fd6644ac7f1c1c44f71ae) Importer(815301076,1909f56bfc062723c751e8b465ee728b)  -> (artifact id: '4a6a099b531fb365f869f1df1c616fd9') in 0.168769 seconds 
========================================================================
Received Import Request.
  Time since last request: 0.000539 seconds.
  path: Assets/Assets/2.png
  artifactKey: Guid(f0a53a0014d25be4fae333028d9a8933) Importer(815301076,1909f56bfc062723c751e8b465ee728b)
Start importing Assets/Assets/2.png using Guid(f0a53a0014d25be4fae333028d9a8933) Importer(815301076,1909f56bfc062723c751e8b465ee728b)  -> (artifact id: '7c0de6d3cc93f48e3842fbaf520c8e92') in 0.055203 seconds 
========================================================================
Received Import Request.
  Time since last request: 0.000323 seconds.
  path: Assets/Assets/3.png
  artifactKey: Guid(d44d74d77efd64b478d098a8b45bfe74) Importer(815301076,1909f56bfc062723c751e8b465ee728b)
Start importing Assets/Assets/3.png using Guid(d44d74d77efd64b478d098a8b45bfe74) Importer(815301076,1909f56bfc062723c751e8b465ee728b)  -> (artifact id: 'c18eb681ce974f9bf6f4d1d4ec52f5ea') in 0.053204 seconds 
========================================================================
Received Import Request.
  Time since last request: 0.000374 seconds.
  path: Assets/Assets/bg1.PNG
  artifactKey: Guid(f1f3fe1e3b6cc7a4bb84e00fc57ad591) Importer(815301076,1909f56bfc062723c751e8b465ee728b)
Start importing Assets/Assets/bg1.PNG using Guid(f1f3fe1e3b6cc7a4bb84e00fc57ad591) Importer(815301076,1909f56bfc062723c751e8b465ee728b)  -> (artifact id: '648279cee5b3f41c1693cc819764ba60') in 0.042716 seconds 
========================================================================
Received Import Request.
  Time since last request: 0.000312 seconds.
  path: Assets/Assets/CGB02-grey_L_btn.png
  artifactKey: Guid(653ae947d1f2d91448e4d200c8638cbe) Importer(815301076,1909f56bfc062723c751e8b465ee728b)
Start importing Assets/Assets/CGB02-grey_L_btn.png using Guid(653ae947d1f2d91448e4d200c8638cbe) Importer(815301076,1909f56bfc062723c751e8b465ee728b)  -> (artifact id: 'c9be595ebba1815182fc1fd004ac991a') in 0.060297 seconds 
========================================================================
Received Import Request.
  Time since last request: 0.000602 seconds.
  path: Assets/Assets/illustration2 clone-9.png (4).png
  artifactKey: Guid(3b2732988d8a3f8408e74d39bdfc6a59) Importer(815301076,1909f56bfc062723c751e8b465ee728b)
Start importing Assets/Assets/illustration2 clone-9.png (4).png using Guid(3b2732988d8a3f8408e74d39bdfc6a59) Importer(815301076,1909f56bfc062723c751e8b465ee728b)  -> (artifact id: 'c3c897a1331f2afb26018c7b2d7d7f2d') in 0.088888 seconds 
========================================================================
Received Import Request.
  Time since last request: 0.000326 seconds.
  path: Assets/Assets/3_9.png
  artifactKey: Guid(a9ad704c37594bd4b8ef424d2c4ff32a) Importer(815301076,1909f56bfc062723c751e8b465ee728b)
Start importing Assets/Assets/3_9.png using Guid(a9ad704c37594bd4b8ef424d2c4ff32a) Importer(815301076,1909f56bfc062723c751e8b465ee728b)  -> (artifact id: '6a6055ba2d6137120ad471b29968e9ce') in 0.048370 seconds 
========================================================================
Received Import Request.
  Time since last request: 0.000474 seconds.
  path: Assets/Assets/4.png
  artifactKey: Guid(3d798174990473541831ab3834db2f49) Importer(815301076,1909f56bfc062723c751e8b465ee728b)
Start importing Assets/Assets/4.png using Guid(3d798174990473541831ab3834db2f49) Importer(815301076,1909f56bfc062723c751e8b465ee728b)  -> (artifact id: '5258814767e0ee4577d58febdb2da6bf') in 0.048311 seconds 
========================================================================
Received Import Request.
  Time since last request: 0.000699 seconds.
  path: Assets/Assets/illustration2 clone.png
  artifactKey: Guid(dd70f96748f9bb14a8a61bb8bb8310e1) Importer(815301076,1909f56bfc062723c751e8b465ee728b)
Start importing Assets/Assets/illustration2 clone.png using Guid(dd70f96748f9bb14a8a61bb8bb8310e1) Importer(815301076,1909f56bfc062723c751e8b465ee728b)  -> (artifact id: '58ef7acae70fe46bef5b8071e30248f4') in 0.076655 seconds 
========================================================================
Received Import Request.
  Time since last request: 0.000547 seconds.
  path: Assets/Assets/CGB02-purple_L_btn.png
  artifactKey: Guid(17e689666afb9ea4990f35103a411110) Importer(815301076,1909f56bfc062723c751e8b465ee728b)
Start importing Assets/Assets/CGB02-purple_L_btn.png using Guid(17e689666afb9ea4990f35103a411110) Importer(815301076,1909f56bfc062723c751e8b465ee728b)  -> (artifact id: 'f6ba6e7c24c0fda97267ca3116d812d1') in 0.090664 seconds 
========================================================================
Received Import Request.
  Time since last request: 0.000535 seconds.
  path: Assets/Assets/CGB02-blue_L_btn.png
  artifactKey: Guid(4f245b664f8d91744a495a6ec5400fb9) Importer(815301076,1909f56bfc062723c751e8b465ee728b)
Start importing Assets/Assets/CGB02-blue_L_btn.png using Guid(4f245b664f8d91744a495a6ec5400fb9) Importer(815301076,1909f56bfc062723c751e8b465ee728b)  -> (artifact id: 'b6b148f82d4c758997d750b4090c1e8f') in 0.057057 seconds 
========================================================================
Received Import Request.
  Time since last request: 0.000485 seconds.
  path: Assets/Assets/bg3.PNG
  artifactKey: Guid(f3b3f8eceab107546b789de9d69c2a08) Importer(815301076,1909f56bfc062723c751e8b465ee728b)
Start importing Assets/Assets/bg3.PNG using Guid(f3b3f8eceab107546b789de9d69c2a08) Importer(815301076,1909f56bfc062723c751e8b465ee728b)  -> (artifact id: 'e98990c864b8293f05513e0c547fe6e1') in 0.046901 seconds 
========================================================================
Received Import Request.
  Time since last request: 0.000462 seconds.
  path: Assets/Assets/CosmicLilac_Tiles.png
  artifactKey: Guid(72985cc30e8cea2469884149b043cb61) Importer(815301076,1909f56bfc062723c751e8b465ee728b)
Start importing Assets/Assets/CosmicLilac_Tiles.png using Guid(72985cc30e8cea2469884149b043cb61) Importer(815301076,1909f56bfc062723c751e8b465ee728b)  -> (artifact id: '9941dfdf5c4b9725bde6a2385668c9ff') in 0.054758 seconds 
========================================================================
Received Import Request.
  Time since last request: 0.000579 seconds.
  path: Assets/Assets/illustration2.png
  artifactKey: Guid(c5d2a9ed1dc44d74abdbe0d3d510c342) Importer(815301076,1909f56bfc062723c751e8b465ee728b)
Start importing Assets/Assets/illustration2.png using Guid(c5d2a9ed1dc44d74abdbe0d3d510c342) Importer(815301076,1909f56bfc062723c751e8b465ee728b)  -> (artifact id: 'cd216f3de0b66b5b9fe77b61f092d323') in 0.151884 seconds 
========================================================================
Received Import Request.
  Time since last request: 0.000587 seconds.
  path: Assets/Assets/bg2.PNG
  artifactKey: Guid(3870418df39bb0e44ade05f5bed0c0aa) Importer(815301076,1909f56bfc062723c751e8b465ee728b)
Start importing Assets/Assets/bg2.PNG using Guid(3870418df39bb0e44ade05f5bed0c0aa) Importer(815301076,1909f56bfc062723c751e8b465ee728b)  -> (artifact id: 'f30f04e958378b64b573b5a4f86ff8ba') in 0.085325 seconds 
========================================================================
Received Import Request.
  Time since last request: 0.000573 seconds.
  path: Assets/Assets/attack.png
  artifactKey: Guid(c47df8b4637d8fc479e31b5131798252) Importer(815301076,1909f56bfc062723c751e8b465ee728b)
Start importing Assets/Assets/attack.png using Guid(c47df8b4637d8fc479e31b5131798252) Importer(815301076,1909f56bfc062723c751e8b465ee728b)  -> (artifact id: 'b1aaef77d8c08adb273a29acaec7235f') in 0.100117 seconds 
========================================================================
Received Import Request.
  Time since last request: 0.000604 seconds.
  path: Assets/Assets/potions.png
  artifactKey: Guid(f53f40b374bc8b649abf62f58122d00b) Importer(815301076,1909f56bfc062723c751e8b465ee728b)
Start importing Assets/Assets/potions.png using Guid(f53f40b374bc8b649abf62f58122d00b) Importer(815301076,1909f56bfc062723c751e8b465ee728b)  -> (artifact id: 'd03b30a31ed437b0d090a5f65fa3908d') in 0.491043 seconds 
========================================================================
Received Import Request.
  Time since last request: 0.000609 seconds.
  path: Assets/Assets/rec.png
  artifactKey: Guid(d86e18b70df527b41a8fa03521c193e6) Importer(815301076,1909f56bfc062723c751e8b465ee728b)
Start importing Assets/Assets/rec.png using Guid(d86e18b70df527b41a8fa03521c193e6) Importer(815301076,1909f56bfc062723c751e8b465ee728b)  -> (artifact id: '67b9076050e13a50085a65b7bb45141f') in 0.055840 seconds 
========================================================================
Received Import Request.
  Time since last request: 0.000653 seconds.
  path: Assets/Assets/bg1-1.jpg
  artifactKey: Guid(7cdeb68da174a8f40b77129d4f48eced) Importer(815301076,1909f56bfc062723c751e8b465ee728b)
Start importing Assets/Assets/bg1-1.jpg using Guid(7cdeb68da174a8f40b77129d4f48eced) Importer(815301076,1909f56bfc062723c751e8b465ee728b)  -> (artifact id: '73d81d89f446fea6fc153a35783868df') in 0.085466 seconds 
========================================================================
Received Import Request.
  Time since last request: 312.547007 seconds.
  path: Assets/Assets/jump.png
  artifactKey: Guid(03138ff8d91da59458f7e2f90599383d) Importer(815301076,1909f56bfc062723c751e8b465ee728b)
Start importing Assets/Assets/jump.png using Guid(03138ff8d91da59458f7e2f90599383d) Importer(815301076,1909f56bfc062723c751e8b465ee728b)  -> (artifact id: '6bb318c7f708b89ac75b1e7b0d68709b') in 0.063437 seconds 
========================================================================
Received Import Request.
  Time since last request: 83.871041 seconds.
  path: Assets/Assets/bg2-1.jpg
  artifactKey: Guid(bc76aeeab5c72b24884e9fb6163c6390) Importer(815301076,1909f56bfc062723c751e8b465ee728b)
Start importing Assets/Assets/bg2-1.jpg using Guid(bc76aeeab5c72b24884e9fb6163c6390) Importer(815301076,1909f56bfc062723c751e8b465ee728b)  -> (artifact id: 'fd56b5173fb34ef9f9af43cfeaf591e7') in 0.065125 seconds 
========================================================================
Received Import Request.
  Time since last request: 37.255912 seconds.
  path: Assets/[Scenes]/End.unity
  artifactKey: Guid(8de2bc86f4c42ad49956847ed339024d) Importer(815301076,1909f56bfc062723c751e8b465ee728b)
Start importing Assets/[Scenes]/End.unity using Guid(8de2bc86f4c42ad49956847ed339024d) Importer(815301076,1909f56bfc062723c751e8b465ee728b)  -> (artifact id: '67721ed6824c8095e72161dcbc4dc2d4') in 0.043495 seconds 
========================================================================
Received Import Request.
  Time since last request: 32.287987 seconds.
  path: Assets/Assets/bg3-1.jpg
  artifactKey: Guid(7b0aaff63db95434593bcdd411e74a25) Importer(815301076,1909f56bfc062723c751e8b465ee728b)
Start importing Assets/Assets/bg3-1.jpg using Guid(7b0aaff63db95434593bcdd411e74a25) Importer(815301076,1909f56bfc062723c751e8b465ee728b)  -> (artifact id: 'ad5056e019d38f2f6bd4e3054b2ce85f') in 0.075454 seconds 
========================================================================
Received Import Request.
  Time since last request: 18.862878 seconds.
  path: Assets/Assets/bg3-1 1.jpg
  artifactKey: Guid(6009602d7f6804e428f8fbc3137cc1bf) Importer(815301076,1909f56bfc062723c751e8b465ee728b)
Start importing Assets/Assets/bg3-1 1.jpg using Guid(6009602d7f6804e428f8fbc3137cc1bf) Importer(815301076,1909f56bfc062723c751e8b465ee728b)  -> (artifact id: '2766f35afa040fd2bd799f3bbac75c40') in 0.078384 seconds 
========================================================================
Received Import Request.
  Time since last request: 141.863641 seconds.
  path: Assets/[Scenes]/Main.unity
  artifactKey: Guid(0f5bb921238e0754eb30d1d66595b0ad) Importer(815301076,1909f56bfc062723c751e8b465ee728b)
Start importing Assets/[Scenes]/Main.unity using Guid(0f5bb921238e0754eb30d1d66595b0ad) Importer(815301076,1909f56bfc062723c751e8b465ee728b)  -> (artifact id: '52e81f5e73cca3b73d0ef7995a16e9fc') in 0.056102 seconds 
========================================================================
Received Import Request.
  Time since last request: 1060.719609 seconds.
  path: Assets/Assets/frame-1.png
  artifactKey: Guid(c5c5a2a3b56325d42b6cf09b83534fae) Importer(815301076,1909f56bfc062723c751e8b465ee728b)
Start importing Assets/Assets/frame-1.png using Guid(c5c5a2a3b56325d42b6cf09b83534fae) Importer(815301076,1909f56bfc062723c751e8b465ee728b)  -> (artifact id: 'd79adfa8b9614632d523232f78578bef') in 0.062966 seconds 
========================================================================
Received Import Request.
  Time since last request: 0.000511 seconds.
  path: Assets/Assets/frame-2.png
  artifactKey: Guid(2e0ce9fa8c270f14a9fd7e23fc3c5672) Importer(815301076,1909f56bfc062723c751e8b465ee728b)
Start importing Assets/Assets/frame-2.png using Guid(2e0ce9fa8c270f14a9fd7e23fc3c5672) Importer(815301076,1909f56bfc062723c751e8b465ee728b)  -> (artifact id: '32267acee08f5ca5643ef45fd98c6cd4') in 0.063005 seconds 
========================================================================
Received Import Request.
  Time since last request: 16.913463 seconds.
  path: Assets/Assets/frame-1 1.png
  artifactKey: Guid(6dc9f48effe64004dac6a49439925e18) Importer(815301076,1909f56bfc062723c751e8b465ee728b)
Start importing Assets/Assets/frame-1 1.png using Guid(6dc9f48effe64004dac6a49439925e18) Importer(815301076,1909f56bfc062723c751e8b465ee728b)  -> (artifact id: '89671b2e860e2d1ecd53cca10115ce9d') in 0.089653 seconds 
========================================================================
Received Import Request.
  Time since last request: 0.000367 seconds.
  path: Assets/Assets/frame-2 1.png
  artifactKey: Guid(abafc9db3b13b3f4aa0a3b3542bff02d) Importer(815301076,1909f56bfc062723c751e8b465ee728b)
Start importing Assets/Assets/frame-2 1.png using Guid(abafc9db3b13b3f4aa0a3b3542bff02d) Importer(815301076,1909f56bfc062723c751e8b465ee728b)  -> (artifact id: '642da301a07ee17035a9691031f5135a') in 0.102898 seconds 
========================================================================
Received Import Request.
  Time since last request: 74.003079 seconds.
  path: Assets/Cainos
  artifactKey: Guid(5b9cd5d8618aed8469713d189cfa711c) Importer(815301076,1909f56bfc062723c751e8b465ee728b)
Start importing Assets/Cainos using Guid(5b9cd5d8618aed8469713d189cfa711c) Importer(815301076,1909f56bfc062723c751e8b465ee728b)  -> (artifact id: '66b0c1f7c72601f8642eaea584ed768d') in 0.052689 seconds 
========================================================================
Received Import Request.
  Time since last request: 3.522469 seconds.
  path: Assets/Editor
  artifactKey: Guid(d98ad1674ee8d5040ad22d07feddcab5) Importer(815301076,1909f56bfc062723c751e8b465ee728b)
Start importing Assets/Editor using Guid(d98ad1674ee8d5040ad22d07feddcab5) Importer(815301076,1909f56bfc062723c751e8b465ee728b)  -> (artifact id: '40fef55b648584d5cae54ceb68e57337') in 0.034553 seconds 
========================================================================
Received Import Request.
  Time since last request: 1.279877 seconds.
  path: Assets/Editor/com.unity.mobile.notifications
  artifactKey: Guid(8d94ea3741ad8d344a76cca0aa62f67e) Importer(815301076,1909f56bfc062723c751e8b465ee728b)
Start importing Assets/Editor/com.unity.mobile.notifications using Guid(8d94ea3741ad8d344a76cca0aa62f67e) Importer(815301076,1909f56bfc062723c751e8b465ee728b)  -> (artifact id: '56e9b68fe1bdbdbdbadd02540846decf') in 0.052668 seconds 
========================================================================
Received Import Request.
  Time since last request: 0.000652 seconds.
  path: Assets/Editor/com.unity.mobile.notifications/NotificationSettings.asset
  artifactKey: Guid(4cee8bca36f2ab74b8feb832747fa6f4) Importer(815301076,1909f56bfc062723c751e8b465ee728b)
Start importing Assets/Editor/com.unity.mobile.notifications/NotificationSettings.asset using Guid(4cee8bca36f2ab74b8feb832747fa6f4) Importer(815301076,1909f56bfc062723c751e8b465ee728b)  -> (artifact id: 'ed81eb14f0998a09d0cbd7ea3d01d7a8') in 0.061960 seconds 
========================================================================
Received Import Request.
  Time since last request: 43.799137 seconds.
  path: Assets/Cainos/Pixel Art Platformer - Village Props
  artifactKey: Guid(1f08d781702466b438d35aa7938d8030) Importer(815301076,1909f56bfc062723c751e8b465ee728b)
Start importing Assets/Cainos/Pixel Art Platformer - Village Props using Guid(1f08d781702466b438d35aa7938d8030) Importer(815301076,1909f56bfc062723c751e8b465ee728b)  -> (artifact id: 'a0d0ee06777279a5df54c5441e1b0263') in 0.045053 seconds 
========================================================================
Received Import Request.
  Time since last request: 1.281491 seconds.
  path: Assets/Cainos/Pixel Art Platformer - Village Props/Animation
  artifactKey: Guid(df8f3bc6627121d44b0304ccb3d59fea) Importer(815301076,1909f56bfc062723c751e8b465ee728b)
Start importing Assets/Cainos/Pixel Art Platformer - Village Props/Animation using Guid(df8f3bc6627121d44b0304ccb3d59fea) Importer(815301076,1909f56bfc062723c751e8b465ee728b)  -> (artifact id: 'eda717e35fa4d32c114f32ff7c7ab6cb') in 0.033943 seconds 
========================================================================
Received Import Request.
  Time since last request: 0.336358 seconds.
  path: Assets/Cainos/Pixel Art Platformer - Village Props/Material
  artifactKey: Guid(9ac4b6a5224288540a1d038f5d6101e2) Importer(815301076,1909f56bfc062723c751e8b465ee728b)
Start importing Assets/Cainos/Pixel Art Platformer - Village Props/Material using Guid(9ac4b6a5224288540a1d038f5d6101e2) Importer(815301076,1909f56bfc062723c751e8b465ee728b)  -> (artifact id: '4c18b5780d5490fccb1b547db360be69') in 0.107851 seconds 
========================================================================
Received Import Request.
  Time since last request: 0.175832 seconds.
  path: Assets/Cainos/Pixel Art Platformer - Village Props/Prefab
  artifactKey: Guid(8d3b16bf124f65b49b22817d94a88022) Importer(815301076,1909f56bfc062723c751e8b465ee728b)
Start importing Assets/Cainos/Pixel Art Platformer - Village Props/Prefab using Guid(8d3b16bf124f65b49b22817d94a88022) Importer(815301076,1909f56bfc062723c751e8b465ee728b)  -> (artifact id: '82e70ed34c89e99aec06b4e494a2d95c') in 0.039324 seconds 
========================================================================
Received Import Request.
  Time since last request: 0.135513 seconds.
  path: Assets/Cainos/Pixel Art Platformer - Village Props/Scene
  artifactKey: Guid(3e5bc175231773446846774743597c2f) Importer(815301076,1909f56bfc062723c751e8b465ee728b)
Start importing Assets/Cainos/Pixel Art Platformer - Village Props/Scene using Guid(3e5bc175231773446846774743597c2f) Importer(815301076,1909f56bfc062723c751e8b465ee728b)  -> (artifact id: '5ac6268745c63c31f7dd257fa1aec85e') in 0.048115 seconds 
========================================================================
Received Import Request.
  Time since last request: 0.109504 seconds.
  path: Assets/Cainos/Pixel Art Platformer - Village Props/Texture
  artifactKey: Guid(4fb7661537e28884697bca33184bdaa0) Importer(815301076,1909f56bfc062723c751e8b465ee728b)
Start importing Assets/Cainos/Pixel Art Platformer - Village Props/Texture using Guid(4fb7661537e28884697bca33184bdaa0) Importer(815301076,1909f56bfc062723c751e8b465ee728b)  -> (artifact id: '49218b2e2a296db1cad4179661b2a9fb') in 0.047340 seconds 
========================================================================
Received Import Request.
  Time since last request: 0.255357 seconds.
  path: Assets/Cainos/Pixel Art Platformer - Village Props/Texture/TX Background Grid.png
  artifactKey: Guid(4525736a9d0538940bce8f13f1227b26) Importer(815301076,1909f56bfc062723c751e8b465ee728b)
Start importing Assets/Cainos/Pixel Art Platformer - Village Props/Texture/TX Background Grid.png using Guid(4525736a9d0538940bce8f13f1227b26) Importer(815301076,1909f56bfc062723c751e8b465ee728b)  -> (artifact id: '8c20b8298a08a888945fd98a24d32ecb') in 0.076546 seconds 
========================================================================
Received Import Request.
  Time since last request: 0.000495 seconds.
  path: Assets/Cainos/Pixel Art Platformer - Village Props/Texture/TX Particle Flame.png
  artifactKey: Guid(cfcfd3af954eeb54cb041fe6d75a983b) Importer(815301076,1909f56bfc062723c751e8b465ee728b)
Start importing Assets/Cainos/Pixel Art Platformer - Village Props/Texture/TX Particle Flame.png using Guid(cfcfd3af954eeb54cb041fe6d75a983b) Importer(815301076,1909f56bfc062723c751e8b465ee728b)  -> (artifact id: '3c03f1a3ff0e7fe60f7223bd1ed685da') in 0.061833 seconds 
========================================================================
Received Import Request.
  Time since last request: 0.000633 seconds.
  path: Assets/Cainos/Pixel Art Platformer - Village Props/Texture/TX Village Props.png
  artifactKey: Guid(7810966f0f690954c87305933cabf2b0) Importer(815301076,1909f56bfc062723c751e8b465ee728b)
Start importing Assets/Cainos/Pixel Art Platformer - Village Props/Texture/TX Village Props.png using Guid(7810966f0f690954c87305933cabf2b0) Importer(815301076,1909f56bfc062723c751e8b465ee728b)  -> (artifact id: '05211f68e1d70a3f343e218627d9e021') in 0.775269 seconds 
========================================================================
Received Import Request.
  Time since last request: 0.000601 seconds.
  path: Assets/Cainos/Pixel Art Platformer - Village Props/Texture/TX Tileset Ground.png
  artifactKey: Guid(157cbc340d2b7e64ab85168e80e95550) Importer(815301076,1909f56bfc062723c751e8b465ee728b)
Start importing Assets/Cainos/Pixel Art Platformer - Village Props/Texture/TX Tileset Ground.png using Guid(157cbc340d2b7e64ab85168e80e95550) Importer(815301076,1909f56bfc062723c751e8b465ee728b)  -> (artifact id: 'bc51542c159ae3b3c38864c5d6c24557') in 0.704948 seconds 
========================================================================
Received Import Request.
  Time since last request: 0.000516 seconds.
  path: Assets/Cainos/Pixel Art Platformer - Village Props/Texture/TX Chest Animation.png
  artifactKey: Guid(19e07f9d107e445408633f50457d456e) Importer(815301076,1909f56bfc062723c751e8b465ee728b)
Start importing Assets/Cainos/Pixel Art Platformer - Village Props/Texture/TX Chest Animation.png using Guid(19e07f9d107e445408633f50457d456e) Importer(815301076,1909f56bfc062723c751e8b465ee728b)  -> (artifact id: '4d8c218ef01302dc728a174c043e3c55') in 0.184872 seconds 
========================================================================
Received Import Request.
  Time since last request: 9.925015 seconds.
  path: Assets/Village
  artifactKey: Guid(5b9cd5d8618aed8469713d189cfa711c) Importer(815301076,1909f56bfc062723c751e8b465ee728b)
Start importing Assets/Village using Guid(5b9cd5d8618aed8469713d189cfa711c) Importer(815301076,1909f56bfc062723c751e8b465ee728b)  -> (artifact id: 'a643766830a21f8dbf9e02625b3a9973') in 0.038614 seconds 
========================================================================
Received Import Request.
  Time since last request: 46.078792 seconds.
  path: Assets/Assets/Idle__000.png
  artifactKey: Guid(aaaa17b1a8c545a41ae19adcc2ad2c33) Importer(815301076,1909f56bfc062723c751e8b465ee728b)
Start importing Assets/Assets/Idle__000.png using Guid(aaaa17b1a8c545a41ae19adcc2ad2c33) Importer(815301076,1909f56bfc062723c751e8b465ee728b)  -> (artifact id: '3b0798ac68ddf9692d115e0ad84fdc3a') in 0.080908 seconds 
========================================================================
Received Import Request.
  Time since last request: 148.086334 seconds.
  path: Assets/Assets/gamebg.png
  artifactKey: Guid(fb4d04ca6f13724488095655af5d1241) Importer(815301076,1909f56bfc062723c751e8b465ee728b)
Start importing Assets/Assets/gamebg.png using Guid(fb4d04ca6f13724488095655af5d1241) Importer(815301076,1909f56bfc062723c751e8b465ee728b)  -> (artifact id: '56ed2002f4d905f473ef790548624133') in 0.058126 seconds 
========================================================================
Received Import Request.
  Time since last request: 5.276301 seconds.
  path: Assets/Assets/gamebg.png
  artifactKey: Guid(fb4d04ca6f13724488095655af5d1241) Importer(815301076,1909f56bfc062723c751e8b465ee728b)
Start importing Assets/Assets/gamebg.png using Guid(fb4d04ca6f13724488095655af5d1241) Importer(815301076,1909f56bfc062723c751e8b465ee728b)  -> (artifact id: 'e50e173e1448452d567d27ba362ef9af') in 0.056597 seconds 
========================================================================
Received Import Request.
  Time since last request: 502.402064 seconds.
  path: Assets/[Scripts]/ButtonBehaviour.cs
  artifactKey: Guid(1ed6ef95d64a58d47b4dca23d06ae530) Importer(815301076,1909f56bfc062723c751e8b465ee728b)
Start importing Assets/[Scripts]/ButtonBehaviour.cs using Guid(1ed6ef95d64a58d47b4dca23d06ae530) Importer(815301076,1909f56bfc062723c751e8b465ee728b)  -> (artifact id: '240d2a232afdce8803f0afda3646d8a5') in 0.053438 seconds 
========================================================================
Received Import Request.
  Time since last request: 36.918194 seconds.
  path: Assets/[Scripts]/ButtonBehaviour.cs
  artifactKey: Guid(1ed6ef95d64a58d47b4dca23d06ae530) Importer(815301076,1909f56bfc062723c751e8b465ee728b)
Start importing Assets/[Scripts]/ButtonBehaviour.cs using Guid(1ed6ef95d64a58d47b4dca23d06ae530) Importer(815301076,1909f56bfc062723c751e8b465ee728b)  -> (artifact id: '37f5c370be90351dcbf19fff15c6c1d2') in 0.048757 seconds 
========================================================================
Received Prepare
Registering precompiled user dll's ...
Registered in 0.024958 seconds.
Begin MonoManager ReloadAssembly
Symbol file LoadedFromMemory doesn't match image C:\Users\mehra\Desktop\GAME2014_A2_Sarabi_Mehrara\GAME2014_A2_Sarabi_Mehrara\Library\PackageCache\com.unity.visualscripting@1.6.1\Editor\VisualScripting.Core\Dependencies\YamlDotNet\Unity.VisualScripting.YamlDotNet.dll
Symbol file LoadedFromMemory doesn't match image C:\Users\mehra\Desktop\GAME2014_A2_Sarabi_Mehrara\GAME2014_A2_Sarabi_Mehrara\Library\PackageCache\com.unity.visualscripting@1.6.1\Editor\VisualScripting.Core\Dependencies\DotNetZip\Unity.VisualScripting.IonicZip.dll
Native extension for WindowsStandalone target not found
Native extension for WebGL target not found
Refreshing native plugins compatible for Editor in 2.29 ms, found 4 plugins.
Preloading 0 native plugins for Editor in 0.00 ms.
Mono: successfully reloaded assembly
- Completed reload, in  3.373 seconds
Domain Reload Profiling:
	ReloadAssembly (3375ms)
		BeginReloadAssembly (514ms)
			ExecutionOrderSort (0ms)
			DisableScriptedObjects (89ms)
			BackupInstance (0ms)
			ReleaseScriptingObjects (0ms)
			CreateAndSetChildDomain (220ms)
		EndReloadAssembly (2730ms)
			LoadAssemblies (216ms)
			RebuildTransferFunctionScriptingTraits (0ms)
			SetupTypeCache (892ms)
			ReleaseScriptCaches (3ms)
			RebuildScriptCaches (141ms)
			SetupLoadedEditorAssemblies (987ms)
				LogAssemblyErrors (0ms)
				InitializePlatformSupportModulesInManaged (17ms)
				SetLoadedEditorAssemblies (1ms)
				RefreshPlugins (2ms)
				BeforeProcessingInitializeOnLoad (237ms)
				ProcessInitializeOnLoadAttributes (695ms)
				ProcessInitializeOnLoadMethodAttributes (15ms)
				AfterProcessingInitializeOnLoad (19ms)
				EditorAssembliesLoaded (1ms)
			ExecutionOrderSort2 (0ms)
			AwakeInstancesAfterBackupRestoration (100ms)
Platform modules already initialized, skipping
Switching build target platform(19) subTarget(0) extendedPlatform(0) -> platform(13) subTarget(524288) extendedPlatform(0)
Refreshing native plugins compatible for Editor in 1.63 ms, found 4 plugins.
Preloading 0 native plugins for Editor in 0.00 ms.
Unloading 3766 Unused Serialized files (Serialized files now loaded: 0)
System memory in use before: 188.0 MB.
System memory in use after: 188.3 MB.

Unloading 31 unused Assets to reduce memory usage. Loaded Objects now: 5299.
Total: 10.049000 ms (FindLiveObjects: 0.729800 ms CreateObjectMapping: 0.583300 ms MarkObjects: 8.664100 ms  DeleteObjects: 0.069200 ms)

AssetImportParameters requested are different than current active one (requested -> active):
  custom:framework-win-MediaFoundation: 216162199b28c13a410421893ffa2e32 -> 
  custom:video-decoder-ogg-theora: a1e56fd34408186e4bbccfd4996cb3dc -> 
  custom:container-muxer-webm: aa71ff27fc2769a1b78a27578f13a17b -> 
  custom:container-demuxer-webm: 4f35f7cbe854078d1ac9338744f61a02 -> 
  custom:container-demuxer-ogg: 62fdf1f143b41e24485cea50d1cbac27 -> 
  custom:video-encoder-webm-vp8: eb34c28f22e8b96e1ab97ce403110664 -> 
  custom:video-decoder-webm-vp8: 9c59270c3fd7afecdb556c50c9e8de78 -> 
  custom:graphics/normal-map-encoding: 01000000000000000000000000000000 -> 02000000000000000000000000000000
  custom:audio-decoder-ogg-vorbis: bf7c407c2cedff20999df2af8eb42d56 -> 
  custom:audio-encoder-webm-vorbis: bf7c407c2cedff20999df2af8eb42d56 -> 
========================================================================
Received Import Request.
  Time since last request: 19.949744 seconds.
  path: Assets/[Scenes]/Main.unity
  artifactKey: Guid(0f5bb921238e0754eb30d1d66595b0ad) Importer(815301076,1909f56bfc062723c751e8b465ee728b)
Start importing Assets/[Scenes]/Main.unity using Guid(0f5bb921238e0754eb30d1d66595b0ad) Importer(815301076,1909f56bfc062723c751e8b465ee728b)  -> (artifact id: '4b2d7cb01bce0643fea5aa7b59ee70fe') in 0.089619 seconds 
========================================================================
Received Import Request.
  Time since last request: 0.524716 seconds.
  path: Assets/[Scenes]/Main.unity
  artifactKey: Guid(0f5bb921238e0754eb30d1d66595b0ad) Importer(815301076,1909f56bfc062723c751e8b465ee728b)
Start importing Assets/[Scenes]/Main.unity using Guid(0f5bb921238e0754eb30d1d66595b0ad) Importer(815301076,1909f56bfc062723c751e8b465ee728b)  -> (artifact id: 'c5e399fb782f6d9fdc9ad6b3ce1ee912') in 0.035857 seconds 
========================================================================
Received Import Request.
  Time since last request: 1.727075 seconds.
  path: Assets/[Scenes]/Start.unity
  artifactKey: Guid(2cda990e2423bbf4892e6590ba056729) Importer(815301076,1909f56bfc062723c751e8b465ee728b)
Start importing Assets/[Scenes]/Start.unity using Guid(2cda990e2423bbf4892e6590ba056729) Importer(815301076,1909f56bfc062723c751e8b465ee728b)  -> (artifact id: '65777028670e279cfa53a6055730574d') in 0.046625 seconds 
========================================================================
Received Prepare
Registering precompiled user dll's ...
Registered in 0.007275 seconds.
Begin MonoManager ReloadAssembly
Symbol file LoadedFromMemory doesn't match image C:\Users\mehra\Desktop\GAME2014_A2_Sarabi_Mehrara\GAME2014_A2_Sarabi_Mehrara\Library\PackageCache\com.unity.visualscripting@1.6.1\Editor\VisualScripting.Core\Dependencies\YamlDotNet\Unity.VisualScripting.YamlDotNet.dll
Symbol file LoadedFromMemory doesn't match image C:\Users\mehra\Desktop\GAME2014_A2_Sarabi_Mehrara\GAME2014_A2_Sarabi_Mehrara\Library\PackageCache\com.unity.visualscripting@1.6.1\Editor\VisualScripting.Core\Dependencies\DotNetZip\Unity.VisualScripting.IonicZip.dll
Native extension for WindowsStandalone target not found
Native extension for WebGL target not found
Refreshing native plugins compatible for Editor in 2.03 ms, found 4 plugins.
Preloading 0 native plugins for Editor in 0.00 ms.
Mono: successfully reloaded assembly
- Completed reload, in  3.360 seconds
Domain Reload Profiling:
	ReloadAssembly (3360ms)
		BeginReloadAssembly (356ms)
			ExecutionOrderSort (0ms)
			DisableScriptedObjects (21ms)
			BackupInstance (0ms)
			ReleaseScriptingObjects (0ms)
			CreateAndSetChildDomain (122ms)
		EndReloadAssembly (2830ms)
			LoadAssemblies (264ms)
			RebuildTransferFunctionScriptingTraits (0ms)
			SetupTypeCache (1003ms)
			ReleaseScriptCaches (3ms)
			RebuildScriptCaches (146ms)
			SetupLoadedEditorAssemblies (993ms)
				LogAssemblyErrors (0ms)
				InitializePlatformSupportModulesInManaged (16ms)
				SetLoadedEditorAssemblies (2ms)
				RefreshPlugins (2ms)
				BeforeProcessingInitializeOnLoad (252ms)
				ProcessInitializeOnLoadAttributes (675ms)
				ProcessInitializeOnLoadMethodAttributes (25ms)
				AfterProcessingInitializeOnLoad (20ms)
				EditorAssembliesLoaded (1ms)
			ExecutionOrderSort2 (0ms)
			AwakeInstancesAfterBackupRestoration (90ms)
Platform modules already initialized, skipping
Switching build target platform(19) subTarget(0) extendedPlatform(0) -> platform(13) subTarget(524288) extendedPlatform(0)
Refreshing native plugins compatible for Editor in 1.22 ms, found 4 plugins.
Preloading 0 native plugins for Editor in 0.00 ms.
Unloading 3752 Unused Serialized files (Serialized files now loaded: 0)
System memory in use before: 187.5 MB.
System memory in use after: 187.8 MB.

Unloading 31 unused Assets to reduce memory usage. Loaded Objects now: 5302.
Total: 7.695800 ms (FindLiveObjects: 0.555800 ms CreateObjectMapping: 0.282400 ms MarkObjects: 6.806800 ms  DeleteObjects: 0.047700 ms)

AssetImportParameters requested are different than current active one (requested -> active):
  custom:framework-win-MediaFoundation: 216162199b28c13a410421893ffa2e32 -> 
  custom:video-decoder-ogg-theora: a1e56fd34408186e4bbccfd4996cb3dc -> 
  custom:container-muxer-webm: aa71ff27fc2769a1b78a27578f13a17b -> 
  custom:container-demuxer-webm: 4f35f7cbe854078d1ac9338744f61a02 -> 
  custom:container-demuxer-ogg: 62fdf1f143b41e24485cea50d1cbac27 -> 
  custom:video-encoder-webm-vp8: eb34c28f22e8b96e1ab97ce403110664 -> 
  custom:video-decoder-webm-vp8: 9c59270c3fd7afecdb556c50c9e8de78 -> 
  custom:graphics/normal-map-encoding: 01000000000000000000000000000000 -> 02000000000000000000000000000000
  custom:audio-decoder-ogg-vorbis: bf7c407c2cedff20999df2af8eb42d56 -> 
  custom:audio-encoder-webm-vorbis: bf7c407c2cedff20999df2af8eb42d56 -> 
========================================================================
Received Prepare
Registering precompiled user dll's ...
Registered in 0.015508 seconds.
Begin MonoManager ReloadAssembly
Symbol file LoadedFromMemory doesn't match image C:\Users\mehra\Desktop\GAME2014_A2_Sarabi_Mehrara\GAME2014_A2_Sarabi_Mehrara\Library\PackageCache\com.unity.visualscripting@1.6.1\Editor\VisualScripting.Core\Dependencies\YamlDotNet\Unity.VisualScripting.YamlDotNet.dll
Symbol file LoadedFromMemory doesn't match image C:\Users\mehra\Desktop\GAME2014_A2_Sarabi_Mehrara\GAME2014_A2_Sarabi_Mehrara\Library\PackageCache\com.unity.visualscripting@1.6.1\Editor\VisualScripting.Core\Dependencies\DotNetZip\Unity.VisualScripting.IonicZip.dll
Native extension for WindowsStandalone target not found
Native extension for WebGL target not found
Refreshing native plugins compatible for Editor in 2.82 ms, found 4 plugins.
Preloading 0 native plugins for Editor in 0.00 ms.
Mono: successfully reloaded assembly
- Completed reload, in  3.276 seconds
Domain Reload Profiling:
	ReloadAssembly (3277ms)
		BeginReloadAssembly (315ms)
			ExecutionOrderSort (0ms)
			DisableScriptedObjects (22ms)
			BackupInstance (0ms)
			ReleaseScriptingObjects (0ms)
			CreateAndSetChildDomain (72ms)
		EndReloadAssembly (2786ms)
			LoadAssemblies (303ms)
			RebuildTransferFunctionScriptingTraits (0ms)
			SetupTypeCache (996ms)
			ReleaseScriptCaches (4ms)
			RebuildScriptCaches (164ms)
			SetupLoadedEditorAssemblies (929ms)
				LogAssemblyErrors (0ms)
				InitializePlatformSupportModulesInManaged (21ms)
				SetLoadedEditorAssemblies (1ms)
				RefreshPlugins (3ms)
				BeforeProcessingInitializeOnLoad (200ms)
				ProcessInitializeOnLoadAttributes (651ms)
				ProcessInitializeOnLoadMethodAttributes (31ms)
				AfterProcessingInitializeOnLoad (21ms)
				EditorAssembliesLoaded (1ms)
			ExecutionOrderSort2 (0ms)
			AwakeInstancesAfterBackupRestoration (59ms)
Platform modules already initialized, skipping
Switching build target platform(19) subTarget(0) extendedPlatform(0) -> platform(13) subTarget(524288) extendedPlatform(0)
Refreshing native plugins compatible for Editor in 1.70 ms, found 4 plugins.
Preloading 0 native plugins for Editor in 0.00 ms.
Unloading 3752 Unused Serialized files (Serialized files now loaded: 0)
System memory in use before: 187.6 MB.
System memory in use after: 187.9 MB.

Unloading 31 unused Assets to reduce memory usage. Loaded Objects now: 5305.
Total: 5.804100 ms (FindLiveObjects: 0.432400 ms CreateObjectMapping: 0.207600 ms MarkObjects: 5.102900 ms  DeleteObjects: 0.059900 ms)

AssetImportParameters requested are different than current active one (requested -> active):
  custom:framework-win-MediaFoundation: 216162199b28c13a410421893ffa2e32 -> 
  custom:video-decoder-ogg-theora: a1e56fd34408186e4bbccfd4996cb3dc -> 
  custom:container-muxer-webm: aa71ff27fc2769a1b78a27578f13a17b -> 
  custom:container-demuxer-webm: 4f35f7cbe854078d1ac9338744f61a02 -> 
  custom:container-demuxer-ogg: 62fdf1f143b41e24485cea50d1cbac27 -> 
  custom:video-encoder-webm-vp8: eb34c28f22e8b96e1ab97ce403110664 -> 
  custom:video-decoder-webm-vp8: 9c59270c3fd7afecdb556c50c9e8de78 -> 
  custom:graphics/normal-map-encoding: 01000000000000000000000000000000 -> 02000000000000000000000000000000
  custom:audio-decoder-ogg-vorbis: bf7c407c2cedff20999df2af8eb42d56 -> 
  custom:audio-encoder-webm-vorbis: bf7c407c2cedff20999df2af8eb42d56 -> 
========================================================================
Received Import Request.
  Time since last request: 376.897063 seconds.
  path: Assets/SFX
  artifactKey: Guid(f044bcef0b1114f4a91414815546143e) Importer(815301076,1909f56bfc062723c751e8b465ee728b)
Start importing Assets/SFX using Guid(f044bcef0b1114f4a91414815546143e) Importer(815301076,1909f56bfc062723c751e8b465ee728b)  -> (artifact id: '8650395029687b691c2edfdefea6f60f') in 0.047870 seconds 
========================================================================
Received Import Request.
  Time since last request: 0.048790 seconds.
  path: Assets/SFX/beep_01.ogg
  artifactKey: Guid(510c575508e518c428f79fdfa1298927) Importer(815301076,1909f56bfc062723c751e8b465ee728b)
Start importing Assets/SFX/beep_01.ogg using Guid(510c575508e518c428f79fdfa1298927) Importer(815301076,1909f56bfc062723c751e8b465ee728b)  -> (artifact id: '2a05e279907f198578d41327e70fab5d') in 0.291088 seconds 
========================================================================
Received Import Request.
  Time since last request: 0.000427 seconds.
  path: Assets/SFX/shoot_01.ogg
  artifactKey: Guid(20eff15bae95e8248ac6f8399c5be161) Importer(815301076,1909f56bfc062723c751e8b465ee728b)
Start importing Assets/SFX/shoot_01.ogg using Guid(20eff15bae95e8248ac6f8399c5be161) Importer(815301076,1909f56bfc062723c751e8b465ee728b)  -> (artifact id: 'c1f73392df0b39f77e4ce851b62c0bfa') in 0.061665 seconds 
========================================================================
Received Import Request.
  Time since last request: 0.000580 seconds.
  path: Assets/SFX/terminal_01.ogg
  artifactKey: Guid(4d4696da1a2d3d947adf532c7a27b981) Importer(815301076,1909f56bfc062723c751e8b465ee728b)
Start importing Assets/SFX/terminal_01.ogg using Guid(4d4696da1a2d3d947adf532c7a27b981) Importer(815301076,1909f56bfc062723c751e8b465ee728b)  -> (artifact id: '1abd78d74fa4a294ab9c499c8e59e9c0') in 0.057728 seconds 
========================================================================
Received Import Request.
  Time since last request: 0.000513 seconds.
  path: Assets/SFX/beep_03.ogg
  artifactKey: Guid(2744958818fe79641b384cdb84ec198b) Importer(815301076,1909f56bfc062723c751e8b465ee728b)
Start importing Assets/SFX/beep_03.ogg using Guid(2744958818fe79641b384cdb84ec198b) Importer(815301076,1909f56bfc062723c751e8b465ee728b)  -> (artifact id: 'f9678254ba6642f37f98d770d6ee861d') in 0.057755 seconds 
========================================================================
Received Import Request.
  Time since last request: 0.000350 seconds.
  path: Assets/SFX/loop_machine_02.ogg
  artifactKey: Guid(9b6c0991e1db9324c9a993f56a2175fe) Importer(815301076,1909f56bfc062723c751e8b465ee728b)
Start importing Assets/SFX/loop_machine_02.ogg using Guid(9b6c0991e1db9324c9a993f56a2175fe) Importer(815301076,1909f56bfc062723c751e8b465ee728b)  -> (artifact id: 'e8fa6bcb5185fb3dfa75961478acd56d') in 0.063849 seconds 
========================================================================
Received Import Request.
  Time since last request: 0.000340 seconds.
  path: Assets/SFX/retro_laser_02.ogg
  artifactKey: Guid(248d0eddd2667954b8c983c32f853779) Importer(815301076,1909f56bfc062723c751e8b465ee728b)
Start importing Assets/SFX/retro_laser_02.ogg using Guid(248d0eddd2667954b8c983c32f853779) Importer(815301076,1909f56bfc062723c751e8b465ee728b)  -> (artifact id: '006f4cd0e6992e949db9d494d79ba254') in 0.063791 seconds 
========================================================================
Received Import Request.
  Time since last request: 0.000612 seconds.
  path: Assets/SFX/misc_11.ogg
  artifactKey: Guid(6644f5ea33ca83c43b4651f796eeb5f2) Importer(815301076,1909f56bfc062723c751e8b465ee728b)
Start importing Assets/SFX/misc_11.ogg using Guid(6644f5ea33ca83c43b4651f796eeb5f2) Importer(815301076,1909f56bfc062723c751e8b465ee728b)  -> (artifact id: '1b25c0f558e28d161ee24a1bdcc80619') in 0.055257 seconds 
========================================================================
Received Import Request.
  Time since last request: 0.000603 seconds.
  path: Assets/SFX/retro_beep_05.ogg
  artifactKey: Guid(ae86d1809920db045b3fb64de8743e32) Importer(815301076,1909f56bfc062723c751e8b465ee728b)
Start importing Assets/SFX/retro_beep_05.ogg using Guid(ae86d1809920db045b3fb64de8743e32) Importer(815301076,1909f56bfc062723c751e8b465ee728b)  -> (artifact id: '90d9dd5c71b004c22f1659b237610cd4') in 0.092700 seconds 
========================================================================
Received Import Request.
  Time since last request: 0.000459 seconds.
  path: Assets/SFX/misc_03.ogg
  artifactKey: Guid(e8a1acc1f4bc8464983ebb9a2882fc89) Importer(815301076,1909f56bfc062723c751e8b465ee728b)
Start importing Assets/SFX/misc_03.ogg using Guid(e8a1acc1f4bc8464983ebb9a2882fc89) Importer(815301076,1909f56bfc062723c751e8b465ee728b)  -> (artifact id: '1ad72ecfc96827e717041c3c7c151d30') in 0.093723 seconds 
========================================================================
Received Import Request.
  Time since last request: 0.000444 seconds.
  path: Assets/SFX/terminal_09.ogg
  artifactKey: Guid(18bf4b9a6371dbf4188558d23b92c365) Importer(815301076,1909f56bfc062723c751e8b465ee728b)
Start importing Assets/SFX/terminal_09.ogg using Guid(18bf4b9a6371dbf4188558d23b92c365) Importer(815301076,1909f56bfc062723c751e8b465ee728b)  -> (artifact id: '09485948e5b6536a6cfd1b03e405ad7f') in 0.070791 seconds 
========================================================================
Received Import Request.
  Time since last request: 0.000572 seconds.
  path: Assets/SFX/terminal_03.ogg
  artifactKey: Guid(10a9d713d10f3b649810b145d9e7d159) Importer(815301076,1909f56bfc062723c751e8b465ee728b)
Start importing Assets/SFX/terminal_03.ogg using Guid(10a9d713d10f3b649810b145d9e7d159) Importer(815301076,1909f56bfc062723c751e8b465ee728b)  -> (artifact id: 'cd7fa5e19410be727864c37efc75c684') in 0.069981 seconds 
========================================================================
Received Import Request.
  Time since last request: 0.000426 seconds.
  path: Assets/SFX/loop_ambient_01.ogg
  artifactKey: Guid(eaf7b681336555e41823c36a9f5ba4a7) Importer(815301076,1909f56bfc062723c751e8b465ee728b)
Start importing Assets/SFX/loop_ambient_01.ogg using Guid(eaf7b681336555e41823c36a9f5ba4a7) Importer(815301076,1909f56bfc062723c751e8b465ee728b)  -> (artifact id: 'af44c3421f7953c8de2c20df75633a7d') in 0.058873 seconds 
========================================================================
Received Import Request.
  Time since last request: 0.000398 seconds.
  path: Assets/SFX/misc_04.ogg
  artifactKey: Guid(e4182bf08e7971b43be46f8ba8cfdc26) Importer(815301076,1909f56bfc062723c751e8b465ee728b)
Start importing Assets/SFX/misc_04.ogg using Guid(e4182bf08e7971b43be46f8ba8cfdc26) Importer(815301076,1909f56bfc062723c751e8b465ee728b)  -> (artifact id: 'a402efad88ea8faefb8b81775cb9acdb') in 0.058374 seconds 
========================================================================
Received Import Request.
  Time since last request: 0.000412 seconds.
  path: Assets/SFX/weird_01.ogg
  artifactKey: Guid(79d0fcd4e63bd1d4da2abf2b9fa60df2) Importer(815301076,1909f56bfc062723c751e8b465ee728b)
Start importing Assets/SFX/weird_01.ogg using Guid(79d0fcd4e63bd1d4da2abf2b9fa60df2) Importer(815301076,1909f56bfc062723c751e8b465ee728b)  -> (artifact id: '175f5afe4fe9f572c4f42f1c4fcc7aa9') in 0.057032 seconds 
========================================================================
Received Import Request.
  Time since last request: 0.000423 seconds.
  path: Assets/SFX/misc_12.ogg
  artifactKey: Guid(7a3c265c023224e4daec674d9282856e) Importer(815301076,1909f56bfc062723c751e8b465ee728b)
Start importing Assets/SFX/misc_12.ogg using Guid(7a3c265c023224e4daec674d9282856e) Importer(815301076,1909f56bfc062723c751e8b465ee728b)  -> (artifact id: 'd10405f7df9c862353f320db090aea72') in 0.055007 seconds 
========================================================================
Received Import Request.
  Time since last request: 0.000476 seconds.
  path: Assets/SFX/misc_09.ogg
  artifactKey: Guid(0056d0fee6ed4b24e82a37d1a6827e59) Importer(815301076,1909f56bfc062723c751e8b465ee728b)
Start importing Assets/SFX/misc_09.ogg using Guid(0056d0fee6ed4b24e82a37d1a6827e59) Importer(815301076,1909f56bfc062723c751e8b465ee728b)  -> (artifact id: 'fc5c7baa8bd07061e3ffc93ca26e9ab5') in 0.108638 seconds 
========================================================================
Received Import Request.
  Time since last request: 0.000599 seconds.
  path: Assets/SFX/retro_beep_03.ogg
  artifactKey: Guid(6f0e91e4789ee67468822c530d6dc6d7) Importer(815301076,1909f56bfc062723c751e8b465ee728b)
Start importing Assets/SFX/retro_beep_03.ogg using Guid(6f0e91e4789ee67468822c530d6dc6d7) Importer(815301076,1909f56bfc062723c751e8b465ee728b)  -> (artifact id: '9424d4b5b041a6166e10560e961eede6') in 0.063633 seconds 
========================================================================
Received Import Request.
  Time since last request: 0.000579 seconds.
  path: Assets/SFX/teleport_01.ogg
  artifactKey: Guid(aaed9584bc6ed444088884587cd5828d) Importer(815301076,1909f56bfc062723c751e8b465ee728b)
Start importing Assets/SFX/teleport_01.ogg using Guid(aaed9584bc6ed444088884587cd5828d) Importer(815301076,1909f56bfc062723c751e8b465ee728b)  -> (artifact id: '0675022932e8d88e9c2776bd6094f92f') in 0.150283 seconds 
========================================================================
Received Import Request.
  Time since last request: 0.000341 seconds.
  path: Assets/SFX/loop_machine_03.ogg
  artifactKey: Guid(9586410fe9d99084dbe4d5dd465e9f3c) Importer(815301076,1909f56bfc062723c751e8b465ee728b)
Start importing Assets/SFX/loop_machine_03.ogg using Guid(9586410fe9d99084dbe4d5dd465e9f3c) Importer(815301076,1909f56bfc062723c751e8b465ee728b)  -> (artifact id: '33cc3ad21138ac40e836bc670eddc886') in 0.051251 seconds 
========================================================================
Received Import Request.
  Time since last request: 0.000311 seconds.
  path: Assets/SFX/rocket_01.ogg
  artifactKey: Guid(a82be375e6cf979488fd914fb72a5e27) Importer(815301076,1909f56bfc062723c751e8b465ee728b)
Start importing Assets/SFX/rocket_01.ogg using Guid(a82be375e6cf979488fd914fb72a5e27) Importer(815301076,1909f56bfc062723c751e8b465ee728b)  -> (artifact id: '10286e890e7515225f3a4d1d1eb9508c') in 0.069500 seconds 
========================================================================
Received Import Request.
  Time since last request: 0.000238 seconds.
  path: Assets/SFX/terminal_02.ogg
  artifactKey: Guid(41db7131ace5e1646be2c7f879a2074d) Importer(815301076,1909f56bfc062723c751e8b465ee728b)
Start importing Assets/SFX/terminal_02.ogg using Guid(41db7131ace5e1646be2c7f879a2074d) Importer(815301076,1909f56bfc062723c751e8b465ee728b)  -> (artifact id: 'c01ca07da35b059d24c41d148f696ca0') in 0.061367 seconds 
========================================================================
Received Import Request.
  Time since last request: 0.000368 seconds.
  path: Assets/SFX/retro_laser_01.ogg
  artifactKey: Guid(cd174921ee17a474c8839d5ca980de7b) Importer(815301076,1909f56bfc062723c751e8b465ee728b)
Start importing Assets/SFX/retro_laser_01.ogg using Guid(cd174921ee17a474c8839d5ca980de7b) Importer(815301076,1909f56bfc062723c751e8b465ee728b)  -> (artifact id: 'cb980e6778bac9472b283f7e929c6ea9') in 0.054745 seconds 
========================================================================
Received Import Request.
  Time since last request: 0.000444 seconds.
  path: Assets/SFX/loop_ambient_weird.ogg
  artifactKey: Guid(9cfd2d51774ddd64cbe102b31063fd29) Importer(815301076,1909f56bfc062723c751e8b465ee728b)
Start importing Assets/SFX/loop_ambient_weird.ogg using Guid(9cfd2d51774ddd64cbe102b31063fd29) Importer(815301076,1909f56bfc062723c751e8b465ee728b)  -> (artifact id: '5d2cf29cc06e71e7dfa1761a95026706') in 0.064473 seconds 
========================================================================
Received Import Request.
  Time since last request: 0.000517 seconds.
  path: Assets/SFX/beep_02.ogg
  artifactKey: Guid(94af69f22af59fe44817fe72c1cb069a) Importer(815301076,1909f56bfc062723c751e8b465ee728b)
Start importing Assets/SFX/beep_02.ogg using Guid(94af69f22af59fe44817fe72c1cb069a) Importer(815301076,1909f56bfc062723c751e8b465ee728b)  -> (artifact id: 'd566ccca6b3a01553b3bd179cbcd271c') in 0.065406 seconds 
========================================================================
Received Import Request.
  Time since last request: 0.000584 seconds.
  path: Assets/SFX/misc_01.ogg
  artifactKey: Guid(804d181bf7dabff4b97aa7d43a074d31) Importer(815301076,1909f56bfc062723c751e8b465ee728b)
Start importing Assets/SFX/misc_01.ogg using Guid(804d181bf7dabff4b97aa7d43a074d31) Importer(815301076,1909f56bfc062723c751e8b465ee728b)  -> (artifact id: 'c2478460b455eb0f631c02d37f65abec') in 0.098520 seconds 
========================================================================
Received Import Request.
  Time since last request: 0.000539 seconds.
  path: Assets/SFX/misc_10.ogg
  artifactKey: Guid(e2df810bed84d884e8b17dfcf343e5d6) Importer(815301076,1909f56bfc062723c751e8b465ee728b)
Start importing Assets/SFX/misc_10.ogg using Guid(e2df810bed84d884e8b17dfcf343e5d6) Importer(815301076,1909f56bfc062723c751e8b465ee728b)  -> (artifact id: '16e7bed12b0f015ae28ad4450b13cc29') in 0.093954 seconds 
========================================================================
Received Import Request.
  Time since last request: 0.000520 seconds.
  path: Assets/SFX/terminal_07.ogg
  artifactKey: Guid(37b852712715aba4fa9b97e3e664c1ec) Importer(815301076,1909f56bfc062723c751e8b465ee728b)
Start importing Assets/SFX/terminal_07.ogg using Guid(37b852712715aba4fa9b97e3e664c1ec) Importer(815301076,1909f56bfc062723c751e8b465ee728b)  -> (artifact id: 'e75e1f8673cd59c3957c7522b5c70f39') in 0.063603 seconds 
========================================================================
Received Import Request.
  Time since last request: 0.000478 seconds.
  path: Assets/SFX/loop_machine_01.ogg
  artifactKey: Guid(14a4a5b7e77c5094bb3cc8ce5db2547f) Importer(815301076,1909f56bfc062723c751e8b465ee728b)
Start importing Assets/SFX/loop_machine_01.ogg using Guid(14a4a5b7e77c5094bb3cc8ce5db2547f) Importer(815301076,1909f56bfc062723c751e8b465ee728b)  -> (artifact id: '0f07ffdc580448c28a253a0653b37005') in 0.050171 seconds 
========================================================================
Received Import Request.
  Time since last request: 0.000589 seconds.
  path: Assets/SFX/terminal_06.ogg
  artifactKey: Guid(2a6011f3cefa1c84c8b4d1ed07cb84a8) Importer(815301076,1909f56bfc062723c751e8b465ee728b)
Start importing Assets/SFX/terminal_06.ogg using Guid(2a6011f3cefa1c84c8b4d1ed07cb84a8) Importer(815301076,1909f56bfc062723c751e8b465ee728b)  -> (artifact id: '0e6d296ada9c1687b0c657eb571a50a9') in 0.105087 seconds 
========================================================================
Received Import Request.
  Time since last request: 0.000683 seconds.
  path: Assets/SFX/retro_beep_02.ogg
  artifactKey: Guid(8acb74b618f18f140ac76d9d8bc971aa) Importer(815301076,1909f56bfc062723c751e8b465ee728b)
Start importing Assets/SFX/retro_beep_02.ogg using Guid(8acb74b618f18f140ac76d9d8bc971aa) Importer(815301076,1909f56bfc062723c751e8b465ee728b)  -> (artifact id: 'd38eb2372268c37f7139382ebcbb554f') in 0.102131 seconds 
========================================================================
Received Import Request.
  Time since last request: 0.000600 seconds.
  path: Assets/SFX/misc_06.ogg
  artifactKey: Guid(2defb392f823a354da2f0c707c68cabc) Importer(815301076,1909f56bfc062723c751e8b465ee728b)
Start importing Assets/SFX/misc_06.ogg using Guid(2defb392f823a354da2f0c707c68cabc) Importer(815301076,1909f56bfc062723c751e8b465ee728b)  -> (artifact id: '0c53304bb5cbd624ab13ed731e5cfe9d') in 0.097698 seconds 
========================================================================
Received Import Request.
  Time since last request: 0.000610 seconds.
  path: Assets/SFX/weird_05.ogg
  artifactKey: Guid(d4636e1f10144c14a824acd2d3e9afeb) Importer(815301076,1909f56bfc062723c751e8b465ee728b)
Start importing Assets/SFX/weird_05.ogg using Guid(d4636e1f10144c14a824acd2d3e9afeb) Importer(815301076,1909f56bfc062723c751e8b465ee728b)  -> (artifact id: '95b83cb8676f2376e26af336890c1452') in 0.103896 seconds 
========================================================================
Received Import Request.
  Time since last request: 0.000597 seconds.
  path: Assets/SFX/retro_explosion.ogg
  artifactKey: Guid(bee73287195a388448959c8fd83cb27c) Importer(815301076,1909f56bfc062723c751e8b465ee728b)
Start importing Assets/SFX/retro_explosion.ogg using Guid(bee73287195a388448959c8fd83cb27c) Importer(815301076,1909f56bfc062723c751e8b465ee728b)  -> (artifact id: '1c379e485f420978e3400c28799af416') in 0.094725 seconds 
========================================================================
Received Import Request.
  Time since last request: 0.000583 seconds.
  path: Assets/SFX/terminal_05.ogg
  artifactKey: Guid(fd2836099f4807f4bb751869d5f1ce98) Importer(815301076,1909f56bfc062723c751e8b465ee728b)
Start importing Assets/SFX/terminal_05.ogg using Guid(fd2836099f4807f4bb751869d5f1ce98) Importer(815301076,1909f56bfc062723c751e8b465ee728b)  -> (artifact id: '43e134c43144621b8bb63c4a63b832e0') in 0.118495 seconds 
========================================================================
Received Import Request.
  Time since last request: 0.000581 seconds.
  path: Assets/SFX/retro_beep_01.ogg
  artifactKey: Guid(cc8272135144b9e4e980bbfa300670c7) Importer(815301076,1909f56bfc062723c751e8b465ee728b)
Start importing Assets/SFX/retro_beep_01.ogg using Guid(cc8272135144b9e4e980bbfa300670c7) Importer(815301076,1909f56bfc062723c751e8b465ee728b)  -> (artifact id: 'd938b0c97b140821839d24bb830b99cc') in 0.143127 seconds 
========================================================================
Received Import Request.
  Time since last request: 0.000639 seconds.
  path: Assets/SFX/retro_beep_04.ogg
  artifactKey: Guid(ea18308ea5514964c9b353e0e7cdcd0c) Importer(815301076,1909f56bfc062723c751e8b465ee728b)
Start importing Assets/SFX/retro_beep_04.ogg using Guid(ea18308ea5514964c9b353e0e7cdcd0c) Importer(815301076,1909f56bfc062723c751e8b465ee728b)  -> (artifact id: 'ab9a640fbf80ee1e52c9df793c38b195') in 0.062466 seconds 
========================================================================
Received Import Request.
  Time since last request: 0.000338 seconds.
  path: Assets/SFX/terminal_04.ogg
  artifactKey: Guid(eb90336abf562a546a5ad695bb55db79) Importer(815301076,1909f56bfc062723c751e8b465ee728b)
Start importing Assets/SFX/terminal_04.ogg using Guid(eb90336abf562a546a5ad695bb55db79) Importer(815301076,1909f56bfc062723c751e8b465ee728b)  -> (artifact id: '00181ca621159ba81a5289d63e61009f') in 0.057058 seconds 
========================================================================
Received Import Request.
  Time since last request: 0.000265 seconds.
  path: Assets/SFX/shoot_02.ogg
  artifactKey: Guid(e1d656b859cd49d45996a01aa5e6742f) Importer(815301076,1909f56bfc062723c751e8b465ee728b)
Start importing Assets/SFX/shoot_02.ogg using Guid(e1d656b859cd49d45996a01aa5e6742f) Importer(815301076,1909f56bfc062723c751e8b465ee728b)  -> (artifact id: 'f239cee42471b4a151bb3ea34e026a37') in 0.057420 seconds 
========================================================================
Received Import Request.
  Time since last request: 0.000365 seconds.
  path: Assets/SFX/misc_05.ogg
  artifactKey: Guid(4557b84ab3029464db6019a16fea98d6) Importer(815301076,1909f56bfc062723c751e8b465ee728b)
Start importing Assets/SFX/misc_05.ogg using Guid(4557b84ab3029464db6019a16fea98d6) Importer(815301076,1909f56bfc062723c751e8b465ee728b)  -> (artifact id: '28025ed18d10016ecf946a50d0bd6110') in 0.041436 seconds 
========================================================================
Received Import Request.
  Time since last request: 0.000525 seconds.
  path: Assets/SFX/explosion_02.ogg
  artifactKey: Guid(3a8ebac545a1f6d4aab08559d82a4fc9) Importer(815301076,1909f56bfc062723c751e8b465ee728b)
Start importing Assets/SFX/explosion_02.ogg using Guid(3a8ebac545a1f6d4aab08559d82a4fc9) Importer(815301076,1909f56bfc062723c751e8b465ee728b)  -> (artifact id: 'dee461e4ee558ff04eb3038734eda32f') in 0.101970 seconds 
========================================================================
Received Import Request.
  Time since last request: 0.000536 seconds.
  path: Assets/SFX/teleport_02.ogg
  artifactKey: Guid(d7012c4f903c4964cb273045b9caace8) Importer(815301076,1909f56bfc062723c751e8b465ee728b)
Start importing Assets/SFX/teleport_02.ogg using Guid(d7012c4f903c4964cb273045b9caace8) Importer(815301076,1909f56bfc062723c751e8b465ee728b)  -> (artifact id: 'ebbe7fcc23e41791364ed02bf242b351') in 0.100294 seconds 
========================================================================
Received Import Request.
  Time since last request: 0.000283 seconds.
  path: Assets/SFX/weird_04.ogg
  artifactKey: Guid(9dbf53a9243488240aeb3346069be595) Importer(815301076,1909f56bfc062723c751e8b465ee728b)
Start importing Assets/SFX/weird_04.ogg using Guid(9dbf53a9243488240aeb3346069be595) Importer(815301076,1909f56bfc062723c751e8b465ee728b)  -> (artifact id: '0e765f2418a138714e65cda7c1efac7c') in 0.120767 seconds 
========================================================================
Received Import Request.
  Time since last request: 0.000269 seconds.
  path: Assets/SFX/weird_02.ogg
  artifactKey: Guid(eae3ec8aa51c98647827ff45707e55c9) Importer(815301076,1909f56bfc062723c751e8b465ee728b)
Start importing Assets/SFX/weird_02.ogg using Guid(eae3ec8aa51c98647827ff45707e55c9) Importer(815301076,1909f56bfc062723c751e8b465ee728b)  -> (artifact id: '46ae710296410eaf3b70e417058fca9e') in 0.065920 seconds 
========================================================================
Received Import Request.
  Time since last request: 0.000302 seconds.
  path: Assets/SFX/misc_07.ogg
  artifactKey: Guid(b8dd7c5da570ae543839789d0386a901) Importer(815301076,1909f56bfc062723c751e8b465ee728b)
Start importing Assets/SFX/misc_07.ogg using Guid(b8dd7c5da570ae543839789d0386a901) Importer(815301076,1909f56bfc062723c751e8b465ee728b)  -> (artifact id: '2f22b20d7615c0ab9492c42573a3d4e4') in 0.091681 seconds 
========================================================================
Received Import Request.
  Time since last request: 0.000530 seconds.
  path: Assets/SFX/terminal_08.ogg
  artifactKey: Guid(a8a8fe4523a75fd408e20fa7f6545885) Importer(815301076,1909f56bfc062723c751e8b465ee728b)
Start importing Assets/SFX/terminal_08.ogg using Guid(a8a8fe4523a75fd408e20fa7f6545885) Importer(815301076,1909f56bfc062723c751e8b465ee728b)  -> (artifact id: '97eba89e0ea571f1d03757ac38d541ab') in 0.064453 seconds 
========================================================================
Received Import Request.
  Time since last request: 0.000235 seconds.
  path: Assets/SFX/retro_beep_06.ogg
  artifactKey: Guid(3b7eee8ed4f1b304bb1470b913f64dcb) Importer(815301076,1909f56bfc062723c751e8b465ee728b)
Start importing Assets/SFX/retro_beep_06.ogg using Guid(3b7eee8ed4f1b304bb1470b913f64dcb) Importer(815301076,1909f56bfc062723c751e8b465ee728b)  -> (artifact id: 'cc35db5b7afa0788a2791659f3453894') in 0.071782 seconds 
========================================================================
Received Import Request.
  Time since last request: 0.000387 seconds.
  path: Assets/SFX/explosion_01.ogg
  artifactKey: Guid(3c16be71e13a78d46976a76d218118b9) Importer(815301076,1909f56bfc062723c751e8b465ee728b)
Start importing Assets/SFX/explosion_01.ogg using Guid(3c16be71e13a78d46976a76d218118b9) Importer(815301076,1909f56bfc062723c751e8b465ee728b)  -> (artifact id: '611a827402eefe438150a2bf9702403e') in 0.099910 seconds 
========================================================================
Received Import Request.
  Time since last request: 0.000329 seconds.
  path: Assets/SFX/misc_02.ogg
  artifactKey: Guid(79005893494de4c4da6442a9014bbea2) Importer(815301076,1909f56bfc062723c751e8b465ee728b)
Start importing Assets/SFX/misc_02.ogg using Guid(79005893494de4c4da6442a9014bbea2) Importer(815301076,1909f56bfc062723c751e8b465ee728b)  -> (artifact id: 'fd9755d9ec15eec2035956591e62d9f3') in 0.102003 seconds 
========================================================================
Received Import Request.
  Time since last request: 0.000431 seconds.
  path: Assets/SFX/misc_08.ogg
  artifactKey: Guid(bd0283ce8de725f4ea24c68198f31749) Importer(815301076,1909f56bfc062723c751e8b465ee728b)
Start importing Assets/SFX/misc_08.ogg using Guid(bd0283ce8de725f4ea24c68198f31749) Importer(815301076,1909f56bfc062723c751e8b465ee728b)  -> (artifact id: '03b0260b45b7e7ded12b98dce7c209cd') in 0.054460 seconds 
========================================================================
Received Import Request.
  Time since last request: 0.000508 seconds.
  path: Assets/SFX/weird_03.ogg
  artifactKey: Guid(b148b0d4eea7e474cabf737187c36491) Importer(815301076,1909f56bfc062723c751e8b465ee728b)
Start importing Assets/SFX/weird_03.ogg using Guid(b148b0d4eea7e474cabf737187c36491) Importer(815301076,1909f56bfc062723c751e8b465ee728b)  -> (artifact id: 'c34884d3f36d4759fd16b8c2f40e9c4c') in 0.077467 seconds 
========================================================================
Received Import Request.
  Time since last request: 41.882645 seconds.
  path: Assets/Soundtracks
  artifactKey: Guid(5d527a219aa5c2f459e16d53a347175a) Importer(815301076,1909f56bfc062723c751e8b465ee728b)
Start importing Assets/Soundtracks using Guid(5d527a219aa5c2f459e16d53a347175a) Importer(815301076,1909f56bfc062723c751e8b465ee728b)  -> (artifact id: '2b789c019240feefd6c3ed4de2f8c27a') in 0.039770 seconds 
AssetImportWorkerClient::OnTransportError - code=2 error=End of file
